
> my-project@0.1.0 dev
> next dev

▲ Next.js 16.2.0 (Turbopack)
- Local:         http://localhost:3000
- Network:       http://192.168.188.1:3000
✓ Ready in 1673ms

 GET / 200 in 1860ms (next.js: 626ms, application-code: 1234ms)
 GET / 200 in 277ms (next.js: 24ms, application-code: 253ms)
 GET / 200 in 226ms (next.js: 13ms, application-code: 213ms)
 GET / 200 in 700ms (next.js: 179ms, application-code: 521ms)
 GET / 200 in 345ms (next.js: 22ms, application-code: 322ms)
 GET / 200 in 615ms (next.js: 19ms, application-code: 596ms)
 GET / 200 in 612ms (next.js: 259ms, application-code: 353ms)
○ Compiling /dashboard ...
 GET /dashboard 200 in 3.9s (next.js: 3.6s, application-code: 348ms)
 GET /diff 200 in 1583ms (next.js: 1309ms, application-code: 274ms)
 POST /api/figma/import 502 in 4.1s (next.js: 1156ms, application-code: 3.0s)
 POST /api/figma/connect 200 in 2.8s (next.js: 409ms, application-code: 2.4s)
 POST /api/implementation/capture 502 in 496ms (next.js: 443ms, application-code: 54ms)
 POST /api/figma/import 200 in 1054ms (next.js: 95ms, application-code: 958ms)
 POST /api/implementation/capture 200 in 463ms (next.js: 98ms, application-code: 365ms)
 GET /api/sync/status?fileKey=AbCdEf123456 200 in 555ms (next.js: 395ms, application-code: 159ms)
 POST /api/sync/run 500 in 1009ms (next.js: 351ms, application-code: 658ms)
 POST /api/figma/webhook 500 in 2.3s (next.js: 419ms, application-code: 1908ms)
 POST /api/figma/webhook 500 in 1361ms (next.js: 8ms, application-code: 1354ms)
 POST /api/sync/run 500 in 464ms (next.js: 6ms, application-code: 457ms)
 GET /api/sync/status?fileKey=AbCdEf123456 200 in 188ms (next.js: 7ms, application-code: 181ms)
 POST /api/sync/run 200 in 921ms (next.js: 144ms, application-code: 777ms)
 POST /api/figma/webhook 200 in 2.6s (next.js: 155ms, application-code: 2.4s)
 GET /api/sync/status?fileKey=AbCdEf123456 200 in 290ms (next.js: 124ms, application-code: 165ms)
 POST /api/figma/webhook 200 in 2.4s (next.js: 145ms, application-code: 2.3s)
 GET /diff 200 in 836ms (next.js: 257ms, application-code: 578ms)
 GET / 200 in 482ms (next.js: 52ms, application-code: 430ms)
 POST /api/figma/import 200 in 567ms (next.js: 4ms, application-code: 563ms)
 POST /api/figma/connect 200 in 260ms (next.js: 94ms, application-code: 166ms)
 GET /api/sync/status 200 in 81ms (next.js: 4ms, application-code: 76ms)
 POST /api/sync/run 200 in 297ms (next.js: 7ms, application-code: 290ms)
 POST /api/figma/webhook 200 in 1125ms (next.js: 4ms, application-code: 1121ms)
 POST /api/implementation/capture 200 in 253ms (next.js: 6ms, application-code: 247ms)
 GET / 200 in 154ms (next.js: 8ms, application-code: 146ms)
 GET /dashboard 200 in 173ms (next.js: 32ms, application-code: 142ms)
 GET /diff 200 in 101ms (next.js: 6ms, application-code: 95ms)
 POST /api/figma/map-component 200 in 812ms (next.js: 563ms, application-code: 249ms)
 POST /api/implementation/upload 200 in 664ms (next.js: 292ms, application-code: 372ms)
 GET / 200 in 195ms (next.js: 7ms, application-code: 187ms)
 POST /api/figma/import 200 in 3.6s (next.js: 7ms, application-code: 3.6s)
 POST /api/implementation/capture 200 in 2.8s (next.js: 6ms, application-code: 2.8s)
 POST /api/sync/run 200 in 729ms (next.js: 100ms, application-code: 630ms)
 GET / 200 in 220ms (next.js: 9ms, application-code: 211ms)
 GET /dashboard 200 in 122ms (next.js: 8ms, application-code: 114ms)
 GET /diff 200 in 77ms (next.js: 6ms, application-code: 71ms)
 POST /api/figma/connect 200 in 203ms (next.js: 6ms, application-code: 197ms)
 POST /api/implementation/capture 200 in 1742ms (next.js: 6ms, application-code: 1736ms)
 POST /api/implementation/capture 400 in 22ms (next.js: 8ms, application-code: 14ms)
 POST /api/figma/connect 400 in 23ms (next.js: 5ms, application-code: 18ms)
 GET /diff 200 in 552ms (next.js: 218ms, application-code: 334ms)
 GET /diff 200 in 115ms (next.js: 12ms, application-code: 103ms)
 GET /diff 500 in 2.2s (next.js: 1916ms, application-code: 325ms)
 GET /diff 200 in 481ms (next.js: 158ms, application-code: 323ms)
 GET /diff 200 in 407ms (next.js: 136ms, application-code: 271ms)
 GET / 200 in 311ms (next.js: 35ms, application-code: 276ms)
 GET /diff 200 in 127ms (next.js: 8ms, application-code: 119ms)
 GET / 200 in 162ms (next.js: 8ms, application-code: 154ms)
 POST /api/implementation/capture 200 in 2.7s (next.js: 95ms, application-code: 2.6s)
 GET /diff 200 in 467ms (next.js: 184ms, application-code: 284ms)
 GET / 200 in 172ms (next.js: 14ms, application-code: 157ms)
 GET /diff 200 in 81ms (next.js: 5ms, application-code: 76ms)
 GET / 200 in 130ms (next.js: 6ms, application-code: 124ms)
 GET /diff 200 in 405ms (next.js: 143ms, application-code: 263ms)
 GET /diff 200 in 143ms (next.js: 7ms, application-code: 135ms)
 GET /diff 200 in 77ms (next.js: 8ms, application-code: 68ms)
 GET /diff 200 in 70ms (next.js: 5ms, application-code: 65ms)
 GET /diff 200 in 128ms (next.js: 7ms, application-code: 121ms)
▲ Next.js 16.2.0 (Turbopack)
- Local:         http://localhost:3000
- Network:       http://192.168.188.1:3000
✓ Ready in 750ms

[?25h
